-------------------------------------------------------------------------------
Test set: calculator.CalculatorTest
-------------------------------------------------------------------------------
Tests run: 4, Failures: 1, Errors: 0, Skipped: 0, Time elapsed: 0.21 s <<< FAILURE! - in calculator.CalculatorTest
calculator.CalculatorTest.setDivisorTestNegative  Time elapsed: 0.016 s  <<< FAILURE!
java.lang.AssertionError
	at calculator.CalculatorTest.setDivisorTestNegative(CalculatorTest.java:56)

